Added Component: Designator=C1(SM0805)
Added Component: Designator=C2(SM0805)
Added Component: Designator=C4(SM0805)
Added Component: Designator=JP1(JUMPER2)
Added Component: Designator=K?(9_PLS_2.54)
Added Component: Designator=LED?(NSA1166)
Added Component: Designator=R1(SM0805)
Added Component: Designator=R2(SM0805)
Added Component: Designator=R3(SM0805)
Added Component: Designator=R4(SM0805)
Added Component: Designator=R5(SM0805)
Added Component: Designator=R6(SM0805)
Added Component: Designator=U1(SSOP16_body_4.5mm)
Added Component: Designator=U2(SSOP16_body_4.5mm)
Added Component: Designator=U3(SOT-23)
Added Component: Designator=U4(WSOIC_24_body_7.5mm)
Added Pin To Net: NetName=+3.3V Pin=C2-2
Added Pin To Net: NetName=+3.3V Pin=R1-2
Added Pin To Net: NetName=+3.3V Pin=R2-1
Added Pin To Net: NetName=+3.3V Pin=R4-1
Added Pin To Net: NetName=+3.3V Pin=R5-2
Added Pin To Net: NetName=+3.3V Pin=R6-2
Added Pin To Net: NetName=+3.3V Pin=U1-12
Added Pin To Net: NetName=+3.3V Pin=U3-2
Added Net: Name=+3.3V
Added Pin To Net: NetName=+5V Pin=C1-2
Added Pin To Net: NetName=+5V Pin=C4-1
Added Pin To Net: NetName=+5V Pin=K?-8
Added Pin To Net: NetName=+5V Pin=R3-1
Added Pin To Net: NetName=+5V Pin=U2-16
Added Pin To Net: NetName=+5V Pin=U3-3
Added Pin To Net: NetName=+5V Pin=U4-19
Added Net: Name=+5V
Added Pin To Net: NetName=CSE Pin=K?-5
Added Pin To Net: NetName=CSE Pin=U2-13
Added Net: Name=CSE
Added Pin To Net: NetName=CSI Pin=U1-1
Added Pin To Net: NetName=CSI Pin=U2-12
Added Net: Name=CSI
Added Pin To Net: NetName=CST Pin=U2-14
Added Pin To Net: NetName=CST Pin=U4-12
Added Net: Name=CST
Added Pin To Net: NetName=GND Pin=C1-1
Added Pin To Net: NetName=GND Pin=C2-1
Added Pin To Net: NetName=GND Pin=C4-2
Added Pin To Net: NetName=GND Pin=JP1-2
Added Pin To Net: NetName=GND Pin=K?-9
Added Pin To Net: NetName=GND Pin=U1-4
Added Pin To Net: NetName=GND Pin=U1-14
Added Pin To Net: NetName=GND Pin=U1-15
Added Pin To Net: NetName=GND Pin=U1-16
Added Pin To Net: NetName=GND Pin=U2-6
Added Pin To Net: NetName=GND Pin=U2-7
Added Pin To Net: NetName=GND Pin=U2-8
Added Pin To Net: NetName=GND Pin=U3-1
Added Pin To Net: NetName=GND Pin=U4-4
Added Pin To Net: NetName=GND Pin=U4-9
Added Net: Name=GND
Added Pin To Net: NetName=INT Pin=K?-6
Added Pin To Net: NetName=INT Pin=R2-2
Added Pin To Net: NetName=INT Pin=U1-9
Added Net: Name=INT
Added Pin To Net: NetName=ISET Pin=R3-2
Added Pin To Net: NetName=ISET Pin=U4-18
Added Net: Name=ISET
Added Pin To Net: NetName=MOSIE Pin=K?-3
Added Pin To Net: NetName=MOSIE Pin=U2-1
Added Net: Name=MOSIE
Added Pin To Net: NetName=MOSII Pin=U1-6
Added Pin To Net: NetName=MOSII Pin=U2-2
Added Net: Name=MOSII
Added Pin To Net: NetName=MOSIT Pin=U2-15
Added Pin To Net: NetName=MOSIT Pin=U4-1
Added Net: Name=MOSIT
Added Pin To Net: NetName=NetLED?_3 Pin=LED?-3
Added Pin To Net: NetName=NetLED?_3 Pin=U4-20
Added Net: Name=NetLED?_3
Added Pin To Net: NetName=NetLED?_5 Pin=LED?-5
Added Pin To Net: NetName=NetLED?_5 Pin=U4-22
Added Net: Name=NetLED?_5
Added Pin To Net: NetName=NetLED?_6 Pin=LED?-6
Added Pin To Net: NetName=NetLED?_6 Pin=U4-2
Added Net: Name=NetLED?_6
Added Pin To Net: NetName=NetLED?_7 Pin=LED?-7
Added Pin To Net: NetName=NetLED?_7 Pin=LED?-7
Added Pin To Net: NetName=NetLED?_7 Pin=U4-14
Added Net: Name=NetLED?_7
Added Pin To Net: NetName=NetLED?_8 Pin=LED?-8
Added Pin To Net: NetName=NetLED?_8 Pin=U4-11
Added Net: Name=NetLED?_8
Added Pin To Net: NetName=NetLED?_9 Pin=LED?-9
Added Pin To Net: NetName=NetLED?_9 Pin=U4-21
Added Net: Name=NetLED?_9
Added Pin To Net: NetName=NetLED?_10 Pin=LED?-10
Added Pin To Net: NetName=NetLED?_10 Pin=U4-6
Added Net: Name=NetLED?_10
Added Pin To Net: NetName=NetLED?_11 Pin=LED?-11
Added Pin To Net: NetName=NetLED?_11 Pin=U4-23
Added Net: Name=NetLED?_11
Added Pin To Net: NetName=NetLED?_12 Pin=LED?-12
Added Pin To Net: NetName=NetLED?_12 Pin=U4-7
Added Net: Name=NetLED?_12
Added Pin To Net: NetName=NetLED?_13 Pin=LED?-13
Added Pin To Net: NetName=NetLED?_13 Pin=U4-17
Added Net: Name=NetLED?_13
Added Pin To Net: NetName=NetLED?_14 Pin=LED?-14
Added Pin To Net: NetName=NetLED?_14 Pin=U4-3
Added Net: Name=NetLED?_14
Added Pin To Net: NetName=NetLED?_15 Pin=LED?-15
Added Pin To Net: NetName=NetLED?_15 Pin=U4-16
Added Net: Name=NetLED?_15
Added Pin To Net: NetName=NetLED?_16 Pin=LED?-16
Added Pin To Net: NetName=NetLED?_16 Pin=U4-10
Added Net: Name=NetLED?_16
Added Pin To Net: NetName=NetLED?_17 Pin=LED?-17
Added Pin To Net: NetName=NetLED?_17 Pin=U4-15
Added Net: Name=NetLED?_17
Added Pin To Net: NetName=RST Pin=K?-7
Added Pin To Net: NetName=RST Pin=K?-7
Added Pin To Net: NetName=RST Pin=R4-2
Added Pin To Net: NetName=RST Pin=U1-3
Added Net: Name=RST
Added Pin To Net: NetName=SCKE Pin=K?-4
Added Pin To Net: NetName=SCKE Pin=U2-3
Added Net: Name=SCKE
Added Pin To Net: NetName=SCKI Pin=U1-11
Added Pin To Net: NetName=SCKI Pin=U2-5
Added Net: Name=SCKI
Added Pin To Net: NetName=SCKT Pin=U2-4
Added Pin To Net: NetName=SCKT Pin=U4-13
Added Net: Name=SCKT
Added Pin To Net: NetName=SCL Pin=K?-2
Added Pin To Net: NetName=SCL Pin=R6-1
Added Pin To Net: NetName=SCL Pin=U1-8
Added Net: Name=SCL
Added Pin To Net: NetName=SDA Pin=K?-1
Added Pin To Net: NetName=SDA Pin=R5-1
Added Pin To Net: NetName=SDA Pin=U1-7
Added Net: Name=SDA
Added Pin To Net: NetName=SW Pin=JP1-1
Added Pin To Net: NetName=SW Pin=R1-1
Added Pin To Net: NetName=SW Pin=U2-9
Added Pin To Net: NetName=SW Pin=U2-10
Added Pin To Net: NetName=SW Pin=U2-11
Added Net: Name=SW
Added Class: Name=7_seg
Added Room: Name=7_seg
